<?xml version="1.0" encoding="UTF-8"?>
<!-- Generated by org.testng.reporters.JUnitXMLReporter -->
<testsuite ignored="0" hostname="LAPTOP-6NCPNGQE" failures="0" tests="9" name="Default test" time="31.416" errors="0" timestamp="2022-12-03T22:54:45 EST">
  <testcase classname="com.testing.Test_Scenario_1" name="TC001" time="0.021"/>
  <testcase classname="com.testing.Test_Scenario_1" name="TC002" time="0.002"/>
  <testcase classname="com.testing.Test_Scenario_1" name="TC003" time="1.21"/>
  <testcase classname="com.testing.Test_Scenario_1" name="TC004" time="2.485"/>
  <testcase classname="com.testing.Test_Scenario_1" name="TC005" time="2.259"/>
  <testcase classname="com.testing.Test_Scenario_1" name="TC006" time="2.422"/>
  <testcase classname="com.testing.Test_Scenario_1" name="TC007" time="5.266"/>
  <testcase classname="com.testing.Test_Scenario_1" name="TC008" time="6.375"/>
  <testcase classname="com.testing.Test_Scenario_1" name="TC009" time="4.938"/>
</testsuite> <!-- Default test -->
